SF:lib/core/exceptions/app_exceptions.dart
DA:6,8
DA:8,0
DA:9,0
DA:14,3
DA:16,0
DA:17,0
DA:24,2
DA:26,0
DA:27,0
DA:32,3
DA:34,1
DA:35,2
DA:40,4
DA:42,0
DA:43,0
DA:48,2
DA:50,0
DA:51,0
LF:18
LH:8
end_of_record
SF:lib/data/datasources/api_client.dart
DA:10,0
DA:11,0
DA:15,0
DA:16,0
DA:17,0
DA:20,0
DA:22,0
DA:27,0
DA:28,0
DA:29,0
DA:30,0
DA:31,0
DA:32,0
DA:33,0
DA:42,0
DA:43,0
DA:44,0
DA:45,0
DA:46,0
DA:51,0
DA:56,0
DA:57,0
DA:59,0
DA:60,0
DA:67,0
DA:69,0
DA:70,0
DA:71,0
DA:72,0
DA:73,0
DA:79,0
DA:81,0
DA:82,0
DA:84,0
DA:86,0
DA:87,0
DA:89,0
DA:90,0
DA:91,0
DA:92,0
DA:93,0
DA:95,0
DA:97,0
DA:98,0
DA:99,0
DA:100,0
DA:104,0
LF:47
LH:0
end_of_record
SF:lib/data/models/api_user.dart
DA:7,2
DA:15,0
DA:16,0
DA:27,0
DA:29,2
DA:32,0
DA:33,0
DA:34,0
DA:35,0
DA:37,0
DA:38,0
DA:40,0
DA:42,0
LF:13
LH:2
end_of_record
SF:lib/data/models/api_user.g.dart
DA:9,0
DA:10,0
DA:11,0
DA:12,0
DA:13,0
DA:16,0
DA:17,0
DA:18,0
DA:19,0
DA:20,0
LF:10
LH:0
end_of_record
SF:lib/data/services/auth_service.dart
DA:12,1
DA:17,1
DA:19,1
DA:21,1
DA:24,1
DA:26,1
DA:29,1
DA:31,1
DA:36,2
DA:37,1
DA:42,1
DA:43,1
DA:44,2
DA:48,2
DA:51,1
DA:59,1
DA:60,3
DA:63,1
DA:65,3
DA:66,1
DA:69,1
DA:70,2
DA:76,2
DA:77,3
DA:79,4
DA:81,1
DA:82,3
DA:86,1
DA:87,5
DA:90,1
DA:91,0
DA:95,2
DA:98,1
DA:99,2
DA:100,2
DA:102,2
DA:105,3
DA:106,1
DA:114,1
DA:116,2
DA:123,1
DA:124,2
DA:128,1
DA:130,2
DA:137,1
DA:140,3
DA:144,1
DA:145,2
DA:146,2
LF:49
LH:48
end_of_record
SF:lib/data/services/storage_service.dart
DA:16,0
DA:18,0
DA:20,0
DA:21,0
DA:27,0
DA:29,0
DA:32,0
DA:33,0
DA:39,0
DA:41,0
DA:47,0
DA:49,0
DA:55,0
DA:57,0
DA:58,0
DA:64,0
DA:66,0
DA:67,0
LF:18
LH:0
end_of_record
SF:lib/core/utils/validators.dart
DA:3,0
DA:6,3
DA:11,0
DA:12,0
DA:13,0
DA:19,1
DA:20,2
DA:24,3
DA:32,1
DA:33,1
DA:37,2
DA:45,1
DA:46,2
DA:50,3
LF:14
LH:10
end_of_record
SF:lib/presentation/providers/user_provider.dart
DA:11,1
DA:21,2
DA:22,2
DA:23,2
DA:24,3
DA:25,3
DA:28,1
DA:30,1
DA:32,2
DA:34,3
DA:35,1
DA:37,1
DA:40,1
DA:41,1
DA:46,1
DA:47,2
DA:49,1
DA:50,1
DA:52,2
DA:53,1
DA:54,1
DA:56,2
DA:60,1
DA:61,4
DA:62,2
DA:63,1
DA:65,1
DA:66,4
DA:67,2
DA:68,1
DA:70,1
DA:71,4
DA:72,2
DA:73,1
DA:76,3
DA:77,1
DA:78,1
DA:84,1
DA:86,1
DA:87,1
DA:89,2
DA:90,1
DA:93,1
DA:94,2
DA:95,1
DA:97,1
DA:98,2
DA:99,1
DA:101,1
DA:102,2
DA:103,1
DA:106,1
DA:107,1
DA:113,1
DA:115,1
DA:117,2
DA:118,1
DA:119,1
DA:120,1
DA:122,1
DA:123,1
DA:128,1
DA:129,1
DA:133,1
DA:134,1
DA:135,1
DA:138,1
DA:139,1
DA:140,1
DA:143,1
DA:144,1
DA:145,1
LF:72
LH:72
end_of_record
