SF:lib/features/home/bloc/data_state.dart
DA:6,12
DA:15,5
DA:17,8
DA:19,4
DA:20,4
DA:22,1
DA:23,1
DA:25,5
DA:26,1
DA:28,4
DA:29,16
LF:11
LH:11
end_of_record
SF:lib/features/home/data/home_repository_impl.dart
DA:11,5
DA:13,1
DA:16,2
DA:19,1
DA:21,4
DA:27,2
DA:29,0
DA:30,0
DA:32,0
DA:33,0
DA:37,2
DA:38,1
DA:41,0
DA:42,1
DA:48,1
DA:55,2
DA:62,1
DA:66,1
DA:70,2
DA:74,1
DA:78,1
DA:82,2
DA:85,0
DA:89,1
DA:93,2
DA:97,0
DA:101,0
DA:103,0
DA:104,0
DA:107,0
DA:109,0
DA:110,0
DA:112,0
DA:113,0
DA:114,0
DA:120,0
DA:123,0
DA:124,0
DA:128,0
DA:129,0
DA:131,0
DA:132,0
DA:135,0
DA:136,0
DA:139,0
DA:140,0
LF:46
LH:19
end_of_record
SF:lib/features/home/bloc/detail_bloc/bloc/detail_event.dart
DA:5,0
DA:6,0
DA:12,1
DA:14,0
DA:15,0
DA:23,1
DA:25,0
DA:26,0
LF:8
LH:2
end_of_record
SF:lib/features/home/bloc/detail_bloc/bloc/detail_state.dart
DA:8,2
DA:14,1
DA:19,1
DA:20,1
DA:21,1
DA:22,1
DA:26,1
DA:27,4
LF:8
LH:8
end_of_record
SF:lib/features/home/bloc/detail_bloc/bloc/detail_bloc.dart
DA:15,1
DA:16,1
DA:21,2
DA:22,2
DA:23,2
DA:26,1
DA:28,3
DA:30,3
DA:31,3
DA:32,2
DA:35,3
DA:36,2
DA:41,1
DA:42,5
DA:45,1
DA:46,3
DA:47,3
LF:17
LH:17
end_of_record
SF:lib/features/home/bloc/vendor_bloc/vendor_bloc.dart
DA:12,1
DA:13,1
DA:14,2
DA:15,2
DA:23,1
DA:25,1
DA:28,2
DA:30,2
DA:32,0
DA:33,1
DA:37,1
DA:39,4
DA:43,2
DA:44,1
DA:45,1
DA:50,1
DA:51,1
DA:53,0
DA:56,2
DA:59,3
DA:60,1
DA:63,2
DA:66,0
DA:67,1
LF:24
LH:21
end_of_record
SF:lib/features/home/bloc/vendor_bloc/vendor_event.dart
DA:10,1
LF:1
LH:1
end_of_record
SF:lib/features/home/bloc/author_bloc/author_event.dart
DA:4,0
DA:12,1
DA:14,0
DA:15,0
LF:4
LH:1
end_of_record
SF:lib/features/home/bloc/author_bloc/author_bloc.dart
DA:13,1
DA:14,1
DA:15,2
DA:16,2
DA:19,1
DA:21,1
DA:24,2
DA:26,1
DA:27,1
DA:29,2
DA:32,0
DA:33,1
DA:37,1
DA:39,1
DA:42,3
DA:44,3
DA:46,0
DA:47,1
LF:18
LH:16
end_of_record
SF:lib/features/home/bloc/product_bloc/product_bloc.dart
DA:12,1
DA:13,1
DA:14,2
DA:17,1
DA:19,1
DA:22,2
DA:24,2
DA:26,0
DA:27,1
LF:9
LH:8
end_of_record
SF:lib/features/home/bloc/product_bloc/product_event.dart
DA:4,0
LF:1
LH:0
end_of_record
SF:lib/features/auth/data/auth_repository_impl.dart
DA:10,5
DA:12,1
DA:15,2
DA:18,1
DA:20,2
DA:25,0
DA:29,1
DA:31,2
DA:32,1
DA:35,1
DA:37,2
DA:40,1
DA:41,2
DA:44,0
DA:45,0
DA:48,0
DA:49,0
DA:52,1
DA:55,2
DA:57,3
DA:58,1
DA:59,1
DA:60,1
DA:62,1
DA:65,1
DA:69,2
DA:72,0
DA:79,0
DA:82,1
DA:83,2
LF:30
LH:23
end_of_record
SF:lib/features/auth/blocs/auth_state.dart
DA:4,5
DA:5,5
DA:11,1
DA:20,1
DA:22,1
DA:23,2
DA:29,1
DA:36,1
DA:38,1
DA:39,2
DA:47,1
DA:49,1
DA:50,2
LF:13
LH:13
end_of_record
SF:lib/features/auth/blocs/auth_event.dart
DA:7,0
DA:8,0
DA:17,1
DA:19,0
DA:20,0
DA:26,1
DA:36,0
DA:37,0
DA:38,0
DA:39,0
DA:40,0
LF:11
LH:2
end_of_record
SF:lib/features/auth/blocs/auth_bloc.dart
DA:13,15
DA:14,10
DA:15,10
DA:16,10
DA:17,10
DA:18,10
DA:21,1
DA:22,2
DA:23,2
DA:26,2
DA:28,2
DA:30,0
DA:33,2
DA:37,1
DA:39,2
DA:41,0
DA:42,0
DA:44,2
DA:48,1
DA:50,2
DA:53,4
DA:55,2
DA:57,2
DA:60,5
DA:64,1
DA:66,2
DA:69,2
DA:70,1
DA:71,1
DA:72,1
DA:76,2
DA:77,1
DA:78,1
DA:79,1
DA:80,1
DA:85,2
DA:88,3
DA:89,1
DA:90,2
DA:95,1
DA:97,2
DA:98,2
DA:99,2
LF:43
LH:40
end_of_record
